2017-05-18 14:11:13,249 - SimpleLog4JLogSystem initialized using logfile 'velocity.log'
2017-05-18 14:11:13,250 - ************************************************************** 
2017-05-18 14:11:13,250 - Starting Jakarta Velocity v1.4
2017-05-18 14:11:13,250 - RuntimeInstance initializing.
2017-05-18 14:11:13,250 - Default Properties File: org\apache\velocity\runtime\defaults\velocity.properties
2017-05-18 14:11:13,250 - Trying to use logger class org.apache.velocity.runtime.log.SimpleLog4JLogSystem
2017-05-18 14:11:13,250 - Using logger class org.apache.velocity.runtime.log.SimpleLog4JLogSystem
2017-05-18 14:11:13,253 - Default ResourceManager initializing. (class org.apache.velocity.runtime.resource.ResourceManagerImpl)
2017-05-18 14:11:13,269 - Resource Loader Instantiated: org.apache.velocity.runtime.resource.loader.ClasspathResourceLoader
2017-05-18 14:11:13,269 - ClasspathResourceLoader : initialization starting.
2017-05-18 14:11:13,269 - ClasspathResourceLoader : initialization complete.
2017-05-18 14:11:13,271 - ResourceCache : initialized. (class org.apache.velocity.runtime.resource.ResourceCacheImpl)
2017-05-18 14:11:13,271 - Default ResourceManager initialization complete.
2017-05-18 14:11:13,273 - Loaded System Directive: org.apache.velocity.runtime.directive.Literal
2017-05-18 14:11:13,275 - Loaded System Directive: org.apache.velocity.runtime.directive.Macro
2017-05-18 14:11:13,277 - Loaded System Directive: org.apache.velocity.runtime.directive.Parse
2017-05-18 14:11:13,279 - Loaded System Directive: org.apache.velocity.runtime.directive.Include
2017-05-18 14:11:13,280 - Loaded System Directive: org.apache.velocity.runtime.directive.Foreach
2017-05-18 14:11:13,304 - Created: 20 parsers.
2017-05-18 14:11:13,312 - Velocimacro : initialization starting.
2017-05-18 14:11:13,312 - Velocimacro : adding VMs from VM library template : VM_global_library.vm
2017-05-18 14:11:13,323 - ResourceManager : unable to find resource 'VM_global_library.vm' in any resource loader.
2017-05-18 14:11:13,323 - Velocimacro : error using  VM library template VM_global_library.vm : org.apache.velocity.exception.ResourceNotFoundException: Unable to find resource 'VM_global_library.vm'
2017-05-18 14:11:13,323 - Velocimacro :  VM library template macro registration complete.
2017-05-18 14:11:13,323 - Velocimacro : allowInline = true : VMs can be defined inline in templates
2017-05-18 14:11:13,323 - Velocimacro : allowInlineToOverride = false : VMs defined inline may NOT replace previous VM definitions
2017-05-18 14:11:13,323 - Velocimacro : allowInlineLocal = false : VMs defined inline will be  global in scope if allowed.
2017-05-18 14:11:13,323 - Velocimacro : messages on  : VM system will output logging messages
2017-05-18 14:11:13,323 - Velocimacro : autoload off  : VM system will not automatically reload global library macros
2017-05-18 14:11:13,323 - Velocimacro : initialization complete.
2017-05-18 14:11:13,323 - Velocity successfully started.
